<?xml version="1.0" encoding="UTF-8"?>
<!-- Generated by org.testng.reporters.JUnitReportReporter -->
<testsuite hostname="ESTEBAN" name="com.evercoding.vacations.tests.Tests" tests="1" failures="0" timestamp="13 Feb 2016 18:19:02 GMT" time="17.086" errors="0">
  <testcase name="testLoginPage" time="17.086" classname="com.evercoding.vacations.tests.Tests"/>
</testsuite> <!-- com.evercoding.vacations.tests.Tests -->
