<?xml version="1.0" encoding="UTF-8"?>
<!-- Generated by org.testng.reporters.JUnitReportReporter -->
<testsuite hostname="ESTEBAN" name="com.evercoding.vacations.tests.IndependentTests" tests="4" failures="0" timestamp="13 Feb 2016 20:55:57 GMT" time="44.820" errors="0">
  <testcase name="DeleteEmployee" time="14.268" classname="com.evercoding.vacations.tests.IndependentTests"/>
  <testcase name="testLoginPage" time="8.685" classname="com.evercoding.vacations.tests.IndependentTests"/>
  <testcase name="FindEmployee" time="9.416" classname="com.evercoding.vacations.tests.IndependentTests"/>
  <testcase name="CreateNewUser" time="12.451" classname="com.evercoding.vacations.tests.IndependentTests"/>
</testsuite> <!-- com.evercoding.vacations.tests.IndependentTests -->
