<?xml version="1.0" encoding="UTF-8"?>
<!-- Generated by org.testng.reporters.JUnitReportReporter -->
<testsuite hostname="ESTEBAN" name="com.evercoding.vacations.tests.TestLogin" tests="1" failures="0" timestamp="13 Feb 2016 16:19:25 GMT" time="12.185" errors="0">
  <testcase name="testLoginPage" time="12.185" classname="com.evercoding.vacations.tests.TestLogin"/>
</testsuite> <!-- com.evercoding.vacations.tests.TestLogin -->
